
Showing logs for build [32mcb-kubecd-bdd-gh-1593140433-pr-qwx7j-1[0m stage [32mfrom-build-pack[0m and container [32mstep-credential-initializer-k82cl[0m
{"level":"info","ts":1593142444.5804715,"logger":"fallback-logger","caller":"logging/config.go:69","msg":"Fetch GitHub commit ID from kodata failed: open /var/run/ko/refs/heads/0.8.0-ns-support: no such file or directory"}
{"level":"info","ts":1593142444.5809631,"logger":"fallback-logger","caller":"creds-init/main.go:40","msg":"Credentials initialized."}

Showing logs for build [32mcb-kubecd-bdd-gh-1593140433-pr-qwx7j-1[0m stage [32mfrom-build-pack[0m and container [32mstep-working-dir-initializer-2f57w[0m
{"level":"info","ts":1593142445.1316838,"logger":"fallback-logger","caller":"logging/config.go:69","msg":"Fetch GitHub commit ID from kodata failed: open /var/run/ko/HEAD: no such file or directory"}
{"level":"info","ts":1593142445.1343153,"logger":"fallback-logger","caller":"bash/main.go:64","msg":"Successfully executed command \"sh -c mkdir -p /workspace/source\"; output "}

Showing logs for build [32mcb-kubecd-bdd-gh-1593140433-pr-qwx7j-1[0m stage [32mfrom-build-pack[0m and container [32mstep-place-tools[0m

Showing logs for build [32mcb-kubecd-bdd-gh-1593140433-pr-qwx7j-1[0m stage [32mfrom-build-pack[0m and container [32mstep-git-source-cb-kubecd-bdd-gh-1593140433-pr-qwx7j-mw78g[0m
{"level":"info","ts":1593142451.42475,"logger":"fallback-logger","caller":"logging/config.go:69","msg":"Fetch GitHub commit ID from kodata failed: open /var/run/ko/refs/heads/0.8.0-ns-support: no such file or directory"}
{"level":"info","ts":1593142452.4765518,"logger":"fallback-logger","caller":"git/git.go:103","msg":"Successfully cloned https://github.com/cb-kubecd/bdd-gh-1593140433.git @ master in path /workspace/source"}

Showing logs for build [32mcb-kubecd-bdd-gh-1593140433-pr-qwx7j-1[0m stage [32mfrom-build-pack[0m and container [32mstep-setup-builder-home[0m

Showing logs for build [32mcb-kubecd-bdd-gh-1593140433-pr-qwx7j-1[0m stage [32mfrom-build-pack[0m and container [32mstep-git-merge[0m
Using SHAs from PULL_REFS=master:81df0940abe64614e5defee58b057d7cdb2110c6,1:8e3de99a4d0a67eb2c5b0761c7c836a1d1e9bf8d
DEBUG: LC_ALL=C JX_LOG_LEVEL=error git fetch origin --unshallow 8e3de99a4d0a67eb2c5b0761c7c836a1d1e9bf8d: 81df0940abe64614e5defee58b057d7cdb2110c6:
DEBUG: ran git fetch --unshallow origin 8e3de99a4d0a67eb2c5b0761c7c836a1d1e9bf8d: 81df0940abe64614e5defee58b057d7cdb2110c6: in 
DEBUG: LC_ALL=C JX_LOG_LEVEL=error git branch
DEBUG: LC_ALL=C JX_LOG_LEVEL=error git checkout master
DEBUG: ran git checkout master in 
DEBUG: LC_ALL=C JX_LOG_LEVEL=error git reset --hard 81df0940abe64614e5defee58b057d7cdb2110c6
DEBUG: ran git reset --hard 81df0940abe64614e5defee58b057d7cdb2110c6 in 
DEBUG: LC_ALL=C JX_LOG_LEVEL=error git clean -fd .
DEBUG: ran clean --force -d . in 
DEBUG: JX_LOG_LEVEL=error LC_ALL=C git merge 8e3de99a4d0a67eb2c5b0761c7c836a1d1e9bf8d
DEBUG: ran git merge 8e3de99a4d0a67eb2c5b0761c7c836a1d1e9bf8d in 
DEBUG: LC_ALL=C JX_LOG_LEVEL=error git log --format=%H%x1f%an%x1f%ae%x1f%cn%x1f%ce%x1f%s%n%b%x1e 81df0940abe64614e5defee58b057d7cdb2110c6..HEAD
Merged SHA 8e3de99a4d0a67eb2c5b0761c7c836a1d1e9bf8d with commit message 'My first PR commit' into base branch master

Showing logs for build [32mcb-kubecd-bdd-gh-1593140433-pr-qwx7j-1[0m stage [32mfrom-build-pack[0m and container [32mstep-build-make-linux[0m
CGO_ENABLED=0 GOOS=linux GOARCH=amd64 GO15VENDOREXPERIMENT=1 go build -ldflags '' -o bin/bdd-gh-1593140433 main.go

Showing logs for build [32mcb-kubecd-bdd-gh-1593140433-pr-qwx7j-1[0m stage [32mfrom-build-pack[0m and container [32mstep-build-container-build[0m
E0626 03:34:26.083669       9 aws_credentials.go:77] while getting AWS credentials NoCredentialProviders: no valid providers in chain. Deprecated.
	For verbose messaging see aws.Config.CredentialsChainVerboseErrors
[36mINFO[0m[0000] Using dockerignore file: /workspace/source/.dockerignore 
[36mINFO[0m[0000] No base image, nothing to extract            
[36mINFO[0m[0000] Built cross stage deps: map[]                
[36mINFO[0m[0000] No base image, nothing to extract            
[36mINFO[0m[0000] Executing 0 build triggers                   
[36mINFO[0m[0000] cmd: EXPOSE                                  
[36mINFO[0m[0000] Adding exposed port: 8080/tcp                
[36mINFO[0m[0001] Checking for cached layer gcr.io/jenkins-x-bdd3/cache:81e3a9a3e73f5523ad8e712e84abe4e8e0952be5f73baa88ca4d78a565a8faab... 
[36mINFO[0m[0001] Using caching version of cmd: COPY ./bin/ /  
[36mINFO[0m[0001] Skipping unpacking as no commands require it. 
[36mINFO[0m[0001] EXPOSE 8080                                  
[36mINFO[0m[0001] cmd: EXPOSE                                  
[36mINFO[0m[0001] Adding exposed port: 8080/tcp                
[36mINFO[0m[0001] No files changed in this command, skipping snapshotting. 
[36mINFO[0m[0001] ENTRYPOINT ["/bdd-gh-1593140433"]            
[36mINFO[0m[0001] No files changed in this command, skipping snapshotting. 
[36mINFO[0m[0001] COPY ./bin/ /                                
[36mINFO[0m[0001] Found cached layer, extracting to filesystem 

Showing logs for build [32mcb-kubecd-bdd-gh-1593140433-pr-qwx7j-1[0m stage [32mfrom-build-pack[0m and container [32mstep-postbuild-post-build[0m
no CVE provider running in the current ** namespace so skip adding image to be analysed

Showing logs for build [32mcb-kubecd-bdd-gh-1593140433-pr-qwx7j-1[0m stage [32mfrom-build-pack[0m and container [32mstep-promote-make-preview[0m
sed -i -e "s/version:.*/version: 0.0.0-SNAPSHOT-PR-1-1/" Chart.yaml
sed -i -e "s/version:.*/version: 0.0.0-SNAPSHOT-PR-1-1/" ../*/Chart.yaml
sed -i -e "s|repository:.*|repository: gcr.io\/jenkins-x-bdd3\/bdd-gh-1593140433|" values.yaml
sed -i -e "s/tag:.*/tag: 0.0.0-SNAPSHOT-PR-1-1/" values.yaml
echo "  version: 0.0.0-SNAPSHOT-PR-1-1" >> requirements.yaml
** step helm build
WARNING: No $CHART_REPOSITORY defined so using the default value of: http://jenkins-x-chartmuseum:8080
Adding missing Helm repo: storage.googleapis.com https://storage.googleapis.com/chartmuseum.jenkins-x.io
WARNING: No secrets found on "helm/repos" due: reading the secret "helm/repos" from vault: no secret "helm/repos" not found in vault
Read credentials for https://storage.googleapis.com/chartmuseum.jenkins-x.io from vault helm/repos
Successfully added Helm repository storage.googleapis.com.
Adding missing Helm repo: jenkins-x-chartmuseum http://jenkins-x-chartmuseum:8080
WARNING: No secrets found on "helm/repos" due: reading the secret "helm/repos" from vault: no secret "helm/repos" not found in vault
Read credentials for http://jenkins-x-chartmuseum:8080 from vault helm/repos
Successfully added Helm repository jenkins-x-chartmuseum.
WARNING: No $CHART_REPOSITORY defined so using the default value of: http://jenkins-x-chartmuseum:8080
Adding missing Helm repo: chartmuseum.jenkins-x.io http://chartmuseum.jenkins-x.io
WARNING: No secrets found on "helm/repos" due: reading the secret "helm/repos" from vault: no secret "helm/repos" not found in vault
Read credentials for http://chartmuseum.jenkins-x.io from vault helm/repos
Successfully added Helm repository chartmuseum.jenkins-x.io.

Showing logs for build [32mcb-kubecd-bdd-gh-1593140433-pr-qwx7j-1[0m stage [32mfrom-build-pack[0m and container [32mstep-promote-jx-preview[0m
Creating a preview
Created environment cb-kubecd-bdd-gh-1593140433-pr-1
Namespace **-cb-kubecd-bdd-gh-1593140433-pr-1 created 
expose:
  Annotations:
    helm.sh/hook: post-install,post-upgrade
    helm.sh/hook-delete-policy: hook-succeeded
  config:
    domain: c**d6.bdd.jenkins-x.rocks
    exposer: Ingress
    http: "true"
preview:
  image:
    repository: gcr.io/jenkins-x-bdd3/bdd-gh-1593140433
    tag: 0.0.0-SNAPSHOT-PR-1-1

Updating PipelineActivities cb-kubecd-bdd-gh-1593140433-pr-1-1 which has status Running
WARNING: preview application http://bdd-gh-1593140433.**-cb-kubecd-bdd-gh-1593140433-pr-1.c**d6.bdd.jenkins-x.rocks not available, error was Get http://bdd-gh-1593140433.**-cb-kubecd-bdd-gh-1593140433-pr-1.c**d6.bdd.jenkins-x.rocks: dial tcp: lookup bdd-gh-1593140433.**-cb-kubecd-bdd-gh-1593140433-pr-1.c**d6.bdd.jenkins-x.rocks on 10.27.240.10:53: no such host, delaying for: 844.315018ms
WARNING: preview application http://bdd-gh-1593140433.**-cb-kubecd-bdd-gh-1593140433-pr-1.c**d6.bdd.jenkins-x.rocks not available, error was Get http://bdd-gh-1593140433.**-cb-kubecd-bdd-gh-1593140433-pr-1.c**d6.bdd.jenkins-x.rocks: dial tcp: lookup bdd-gh-1593140433.**-cb-kubecd-bdd-gh-1593140433-pr-1.c**d6.bdd.jenkins-x.rocks on 10.27.240.10:53: no such host, delaying for: 917.511955ms
WARNING: preview application http://bdd-gh-1593140433.**-cb-kubecd-bdd-gh-1593140433-pr-1.c**d6.bdd.jenkins-x.rocks not available, error was Get http://bdd-gh-1593140433.**-cb-kubecd-bdd-gh-1593140433-pr-1.c**d6.bdd.jenkins-x.rocks: dial tcp: lookup bdd-gh-1593140433.**-cb-kubecd-bdd-gh-1593140433-pr-1.c**d6.bdd.jenkins-x.rocks on 10.27.240.10:53: no such host, delaying for: 1.826742471s
WARNING: preview application http://bdd-gh-1593140433.**-cb-kubecd-bdd-gh-1593140433-pr-1.c**d6.bdd.jenkins-x.rocks not available, error was Get http://bdd-gh-1593140433.**-cb-kubecd-bdd-gh-1593140433-pr-1.c**d6.bdd.jenkins-x.rocks: dial tcp: lookup bdd-gh-1593140433.**-cb-kubecd-bdd-gh-1593140433-pr-1.c**d6.bdd.jenkins-x.rocks on 10.27.240.10:53: no such host, delaying for: 3.134323451s
WARNING: preview application http://bdd-gh-1593140433.**-cb-kubecd-bdd-gh-1593140433-pr-1.c**d6.bdd.jenkins-x.rocks not available, error was Get http://bdd-gh-1593140433.**-cb-kubecd-bdd-gh-1593140433-pr-1.c**d6.bdd.jenkins-x.rocks: dial tcp: lookup bdd-gh-1593140433.**-cb-kubecd-bdd-gh-1593140433-pr-1.c**d6.bdd.jenkins-x.rocks on 10.27.240.10:53: no such host, delaying for: 6.821720078s
WARNING: preview application http://bdd-gh-1593140433.**-cb-kubecd-bdd-gh-1593140433-pr-1.c**d6.bdd.jenkins-x.rocks not available, error was Get http://bdd-gh-1593140433.**-cb-kubecd-bdd-gh-1593140433-pr-1.c**d6.bdd.jenkins-x.rocks: dial tcp: lookup bdd-gh-1593140433.**-cb-kubecd-bdd-gh-1593140433-pr-1.c**d6.bdd.jenkins-x.rocks on 10.27.240.10:53: no such host, delaying for: 11.377516753s
WARNING: preview application http://bdd-gh-1593140433.**-cb-kubecd-bdd-gh-1593140433-pr-1.c**d6.bdd.jenkins-x.rocks not available, error was Get http://bdd-gh-1593140433.**-cb-kubecd-bdd-gh-1593140433-pr-1.c**d6.bdd.jenkins-x.rocks: dial tcp: lookup bdd-gh-1593140433.**-cb-kubecd-bdd-gh-1593140433-pr-1.c**d6.bdd.jenkins-x.rocks on 10.27.240.10:53: no such host, delaying for: 10.448914671s
WARNING: preview application http://bdd-gh-1593140433.**-cb-kubecd-bdd-gh-1593140433-pr-1.c**d6.bdd.jenkins-x.rocks not available, error was Get http://bdd-gh-1593140433.**-cb-kubecd-bdd-gh-1593140433-pr-1.c**d6.bdd.jenkins-x.rocks: dial tcp: lookup bdd-gh-1593140433.**-cb-kubecd-bdd-gh-1593140433-pr-1.c**d6.bdd.jenkins-x.rocks on 10.27.240.10:53: no such host, delaying for: 19.803123248s
WARNING: preview application http://bdd-gh-1593140433.**-cb-kubecd-bdd-gh-1593140433-pr-1.c**d6.bdd.jenkins-x.rocks not available, error was Get http://bdd-gh-1593140433.**-cb-kubecd-bdd-gh-1593140433-pr-1.c**d6.bdd.jenkins-x.rocks: dial tcp: lookup bdd-gh-1593140433.**-cb-kubecd-bdd-gh-1593140433-pr-1.c**d6.bdd.jenkins-x.rocks on 10.27.240.10:53: no such host, delaying for: 29.299068822s
WARNING: preview application http://bdd-gh-1593140433.**-cb-kubecd-bdd-gh-1593140433-pr-1.c**d6.bdd.jenkins-x.rocks not available, error was Get http://bdd-gh-1593140433.**-cb-kubecd-bdd-gh-1593140433-pr-1.c**d6.bdd.jenkins-x.rocks: dial tcp: lookup bdd-gh-1593140433.**-cb-kubecd-bdd-gh-1593140433-pr-1.c**d6.bdd.jenkins-x.rocks on 10.27.240.10:53: no such host, delaying for: 21.289378072s
WARNING: preview application http://bdd-gh-1593140433.**-cb-kubecd-bdd-gh-1593140433-pr-1.c**d6.bdd.jenkins-x.rocks not available, error was Get http://bdd-gh-1593140433.**-cb-kubecd-bdd-gh-1593140433-pr-1.c**d6.bdd.jenkins-x.rocks: dial tcp: lookup bdd-gh-1593140433.**-cb-kubecd-bdd-gh-1593140433-pr-1.c**d6.bdd.jenkins-x.rocks on 10.27.240.10:53: no such host, delaying for: 1m23.485153629s
WARNING: preview application http://bdd-gh-1593140433.**-cb-kubecd-bdd-gh-1593140433-pr-1.c**d6.bdd.jenkins-x.rocks not available, error was Get http://bdd-gh-1593140433.**-cb-kubecd-bdd-gh-1593140433-pr-1.c**d6.bdd.jenkins-x.rocks: dial tcp: lookup bdd-gh-1593140433.**-cb-kubecd-bdd-gh-1593140433-pr-1.c**d6.bdd.jenkins-x.rocks on 10.27.240.10:53: no such host, delaying for: 1m26.663828322s
Preview application is now available at: http://bdd-gh-1593140433.**-cb-kubecd-bdd-gh-1593140433-pr-1.c**d6.bdd.jenkins-x.rocks
